Abaqus JOB determine-mesh-iter1
Abaqus 6.14-1
Abaqus License Manager checked out the following licenses:
Abaqus/Standard checked out 15 tokens from Flexnet server abaqusres.lic.uct.ac.za.
<85 out of 100 licenses remain available>.
Begin Analysis Input File Processor
Fri Oct  1 08:54:32 2021
Run pre
Fri Oct  1 08:54:34 2021
End Analysis Input File Processor
Begin Abaqus/Standard Analysis
Fri Oct  1 08:54:34 2021
Run standard
Fri Oct  1 12:23:16 2021
Abaqus Error: The executable standard
aborted with system error code 15.
Please check the .dat, .msg, and .sta files for error messages if the files
exist.  If there are no error messages and you cannot resolve the problem,
please run the command "abaqus job=support information=support" to report and
save your system information.  Use the same command to run Abaqus that you
used when the problem occurred.  Please contact your local Abaqus support
office and send them the input file, the file support.log which you just
created, the executable name, and the error code.
Abaqus/Analysis exited with errors
